[debug] [2025-04-30T00:25:11.154Z] ----------------------------------------------------------------------
[debug] [2025-04-30T00:25:11.157Z] Command:       C:\Program Files\nodejs\node.exe C:\Users\dda2240015\AppData\Roaming\npm\node_modules\firebase-tools\lib\bin\firebase.js projects:list --json
[debug] [2025-04-30T00:25:11.158Z] CLI Version:   14.2.1
[debug] [2025-04-30T00:25:11.158Z] Platform:      win32
[debug] [2025-04-30T00:25:11.158Z] Node Version:  v22.11.0
[debug] [2025-04-30T00:25:11.158Z] Time:          Wed Apr 30 2025 09:25:11 GMT+0900 (대한민국 표준시)
[debug] [2025-04-30T00:25:11.158Z] ----------------------------------------------------------------------
[debug] 
[debug] [2025-04-30T00:25:11.162Z] >>> [apiv2][query] GET https://firebase-public.firebaseio.com/cli.json [none]
[debug] [2025-04-30T00:25:11.204Z] > command requires scopes: ["email","openid","https://www.googleapis.com/auth/cloudplatformprojects.readonly","https://www.googleapis.com/auth/firebase","https://www.googleapis.com/auth/cloud-platform"]
[debug] [2025-04-30T00:25:11.205Z] > authorizing via signed-in user (ggomdong@gmail.com)
[debug] [2025-04-30T00:25:11.207Z] Checked if tokens are valid: true, expires at: 1745976072728
[debug] [2025-04-30T00:25:11.207Z] Checked if tokens are valid: true, expires at: 1745976072728
[debug] [2025-04-30T00:25:11.208Z] >>> [apiv2][query] GET https://firebase.googleapis.com/v1beta1/projects pageSize=1000
[debug] [2025-04-30T00:25:11.405Z] *** [apiv2] error from fetch(https://firebase.googleapis.com/v1beta1/projects?pageSize=1000, {"headers":{},"method":"GET","signal":{}}): FetchError: request to https://firebase.googleapis.com/v1beta1/projects?pageSize=1000 failed, reason: self-signed certificate in certificate chain
[debug] [2025-04-30T00:25:11.405Z] Failed to make request to https://firebase.googleapis.com/v1beta1/projects?pageSize=1000
[debug] [2025-04-30T00:25:11.459Z] *** [apiv2] error from fetch(https://firebase-public.firebaseio.com/cli.json, {"headers":{},"method":"GET"}): FetchError: request to https://firebase-public.firebaseio.com/cli.json failed, reason: self-signed certificate in certificate chain
[warn] !  Unable to fetch the CLI MOTD and remote config. This is not a fatal error, but may indicate an issue with your network connection. 
[debug] [2025-04-30T00:25:11.460Z] Failed to fetch MOTD FirebaseError: Failed to make request to https://firebase-public.firebaseio.com/cli.json
[debug] [2025-04-30T00:25:11.563Z] FirebaseError: Failed to make request to https://firebase.googleapis.com/v1beta1/projects?pageSize=1000
    at RetryOperation._fn (C:\Users\dda2240015\AppData\Roaming\npm\node_modules\firebase-tools\lib\apiv2.js:261:31)
    at process.processTicksAndRejections (node:internal/process/task_queues:105:5)
[error] 
[error] Error: Failed to list Firebase projects. See firebase-debug.log for more info.
